running egg_info
creating ../../build/path_following/path_following.egg-info
writing ../../build/path_following/path_following.egg-info/PKG-INFO
writing dependency_links to ../../build/path_following/path_following.egg-info/dependency_links.txt
writing entry points to ../../build/path_following/path_following.egg-info/entry_points.txt
writing requirements to ../../build/path_following/path_following.egg-info/requires.txt
writing top-level names to ../../build/path_following/path_following.egg-info/top_level.txt
writing manifest file '../../build/path_following/path_following.egg-info/SOURCES.txt'
reading manifest file '../../build/path_following/path_following.egg-info/SOURCES.txt'
writing manifest file '../../build/path_following/path_following.egg-info/SOURCES.txt'
running build
running build_py
creating /home/ashwin/10x_task_ws/build/path_following/build
creating /home/ashwin/10x_task_ws/build/path_following/build/lib
creating /home/ashwin/10x_task_ws/build/path_following/build/lib/path_following
copying path_following/__init__.py -> /home/ashwin/10x_task_ws/build/path_following/build/lib/path_following
running install
running install_lib
creating /home/ashwin/10x_task_ws/install/path_following/lib/python3.10/site-packages/path_following
copying /home/ashwin/10x_task_ws/build/path_following/build/lib/path_following/__init__.py -> /home/ashwin/10x_task_ws/install/path_following/lib/python3.10/site-packages/path_following
byte-compiling /home/ashwin/10x_task_ws/install/path_following/lib/python3.10/site-packages/path_following/__init__.py to __init__.cpython-310.pyc
running install_data
creating /home/ashwin/10x_task_ws/install/path_following/share/ament_index
creating /home/ashwin/10x_task_ws/install/path_following/share/ament_index/resource_index
creating /home/ashwin/10x_task_ws/install/path_following/share/ament_index/resource_index/packages
copying resource/path_following -> /home/ashwin/10x_task_ws/install/path_following/share/ament_index/resource_index/packages
copying package.xml -> /home/ashwin/10x_task_ws/install/path_following/share/path_following
running install_egg_info
Copying ../../build/path_following/path_following.egg-info to /home/ashwin/10x_task_ws/install/path_following/lib/python3.10/site-packages/path_following-0.0.0-py3.10.egg-info
running install_scripts
writing list of installed files to '/home/ashwin/10x_task_ws/build/path_following/install.log'
