[0.889s] Invoking command in '/home/ashwin/10x_task_ws/src/path_following': PYTHONPATH=/home/ashwin/10x_task_ws/build/path_following/prefix_override:/usr/lib/python3/dist-packages/colcon_core/task/python/colcon_distutils_commands:/home/ashwin/10x_task_ws/install/path_following/lib/python3.10/site-packages:${PYTHONPATH} /usr/bin/python3 -W ignore:setup.py install is deprecated setup.py egg_info --egg-base ../../build/path_following build --build-base /home/ashwin/10x_task_ws/build/path_following/build install --record /home/ashwin/10x_task_ws/build/path_following/install.log --single-version-externally-managed install_data
[1.199s] running egg_info
[1.199s] creating ../../build/path_following/path_following.egg-info
[1.199s] writing ../../build/path_following/path_following.egg-info/PKG-INFO
[1.200s] writing dependency_links to ../../build/path_following/path_following.egg-info/dependency_links.txt
[1.200s] writing entry points to ../../build/path_following/path_following.egg-info/entry_points.txt
[1.200s] writing requirements to ../../build/path_following/path_following.egg-info/requires.txt
[1.200s] writing top-level names to ../../build/path_following/path_following.egg-info/top_level.txt
[1.200s] writing manifest file '../../build/path_following/path_following.egg-info/SOURCES.txt'
[1.202s] reading manifest file '../../build/path_following/path_following.egg-info/SOURCES.txt'
[1.203s] writing manifest file '../../build/path_following/path_following.egg-info/SOURCES.txt'
[1.203s] running build
[1.203s] running build_py
[1.203s] creating /home/ashwin/10x_task_ws/build/path_following/build
[1.203s] creating /home/ashwin/10x_task_ws/build/path_following/build/lib
[1.203s] creating /home/ashwin/10x_task_ws/build/path_following/build/lib/path_following
[1.203s] copying path_following/__init__.py -> /home/ashwin/10x_task_ws/build/path_following/build/lib/path_following
[1.204s] running install
[1.204s] running install_lib
[1.205s] creating /home/ashwin/10x_task_ws/install/path_following/lib/python3.10/site-packages/path_following
[1.205s] copying /home/ashwin/10x_task_ws/build/path_following/build/lib/path_following/__init__.py -> /home/ashwin/10x_task_ws/install/path_following/lib/python3.10/site-packages/path_following
[1.206s] byte-compiling /home/ashwin/10x_task_ws/install/path_following/lib/python3.10/site-packages/path_following/__init__.py to __init__.cpython-310.pyc
[1.206s] running install_data
[1.206s] creating /home/ashwin/10x_task_ws/install/path_following/share/ament_index
[1.206s] creating /home/ashwin/10x_task_ws/install/path_following/share/ament_index/resource_index
[1.206s] creating /home/ashwin/10x_task_ws/install/path_following/share/ament_index/resource_index/packages
[1.206s] copying resource/path_following -> /home/ashwin/10x_task_ws/install/path_following/share/ament_index/resource_index/packages
[1.206s] copying package.xml -> /home/ashwin/10x_task_ws/install/path_following/share/path_following
[1.206s] running install_egg_info
[1.208s] Copying ../../build/path_following/path_following.egg-info to /home/ashwin/10x_task_ws/install/path_following/lib/python3.10/site-packages/path_following-0.0.0-py3.10.egg-info
[1.210s] running install_scripts
[1.234s] writing list of installed files to '/home/ashwin/10x_task_ws/build/path_following/install.log'
[1.276s] Invoked command in '/home/ashwin/10x_task_ws/src/path_following' returned '0': PYTHONPATH=/home/ashwin/10x_task_ws/build/path_following/prefix_override:/usr/lib/python3/dist-packages/colcon_core/task/python/colcon_distutils_commands:/home/ashwin/10x_task_ws/install/path_following/lib/python3.10/site-packages:${PYTHONPATH} /usr/bin/python3 -W ignore:setup.py install is deprecated setup.py egg_info --egg-base ../../build/path_following build --build-base /home/ashwin/10x_task_ws/build/path_following/build install --record /home/ashwin/10x_task_ws/build/path_following/install.log --single-version-externally-managed install_data
