[0.836s] Invoking command in '/home/ashwin/10x_task_ws/src/path_following': PYTHONPATH=/home/ashwin/10x_task_ws/build/path_following/prefix_override:/usr/lib/python3/dist-packages/colcon_core/task/python/colcon_distutils_commands:/home/ashwin/10x_task_ws/install/path_following/lib/python3.10/site-packages:${PYTHONPATH} /usr/bin/python3 -W ignore:setup.py install is deprecated setup.py egg_info --egg-base ../../build/path_following build --build-base /home/ashwin/10x_task_ws/build/path_following/build install --record /home/ashwin/10x_task_ws/build/path_following/install.log --single-version-externally-managed install_data
[1.159s] running egg_info
[1.159s] writing ../../build/path_following/path_following.egg-info/PKG-INFO
[1.160s] writing dependency_links to ../../build/path_following/path_following.egg-info/dependency_links.txt
[1.160s] writing entry points to ../../build/path_following/path_following.egg-info/entry_points.txt
[1.160s] writing requirements to ../../build/path_following/path_following.egg-info/requires.txt
[1.160s] writing top-level names to ../../build/path_following/path_following.egg-info/top_level.txt
[1.162s] reading manifest file '../../build/path_following/path_following.egg-info/SOURCES.txt'
[1.163s] writing manifest file '../../build/path_following/path_following.egg-info/SOURCES.txt'
[1.163s] running build
[1.163s] running build_py
[1.163s] copying path_following/follower_node.py -> /home/ashwin/10x_task_ws/build/path_following/build/lib/path_following
[1.164s] running install
[1.164s] running install_lib
[1.165s] copying /home/ashwin/10x_task_ws/build/path_following/build/lib/path_following/follower_node.py -> /home/ashwin/10x_task_ws/install/path_following/lib/python3.10/site-packages/path_following
[1.166s] byte-compiling /home/ashwin/10x_task_ws/install/path_following/lib/python3.10/site-packages/path_following/follower_node.py to follower_node.cpython-310.pyc
[1.167s] running install_data
[1.167s] running install_egg_info
[1.169s] removing '/home/ashwin/10x_task_ws/install/path_following/lib/python3.10/site-packages/path_following-0.0.0-py3.10.egg-info' (and everything under it)
[1.169s] Copying ../../build/path_following/path_following.egg-info to /home/ashwin/10x_task_ws/install/path_following/lib/python3.10/site-packages/path_following-0.0.0-py3.10.egg-info
[1.171s] running install_scripts
[1.194s] Installing follower_node script to /home/ashwin/10x_task_ws/install/path_following/lib/path_following
[1.194s] Installing path_smoother script to /home/ashwin/10x_task_ws/install/path_following/lib/path_following
[1.194s] Installing trajectory_generator script to /home/ashwin/10x_task_ws/install/path_following/lib/path_following
[1.194s] writing list of installed files to '/home/ashwin/10x_task_ws/build/path_following/install.log'
[1.221s] Invoked command in '/home/ashwin/10x_task_ws/src/path_following' returned '0': PYTHONPATH=/home/ashwin/10x_task_ws/build/path_following/prefix_override:/usr/lib/python3/dist-packages/colcon_core/task/python/colcon_distutils_commands:/home/ashwin/10x_task_ws/install/path_following/lib/python3.10/site-packages:${PYTHONPATH} /usr/bin/python3 -W ignore:setup.py install is deprecated setup.py egg_info --egg-base ../../build/path_following build --build-base /home/ashwin/10x_task_ws/build/path_following/build install --record /home/ashwin/10x_task_ws/build/path_following/install.log --single-version-externally-managed install_data
