[0.567s] Invoking command in '/home/ashwin/10x_task_ws/src/path_following': PYTHONPATH=/home/ashwin/10x_task_ws/build/path_following/prefix_override:/usr/lib/python3/dist-packages/colcon_core/task/python/colcon_distutils_commands:/home/ashwin/10x_task_ws/install/path_following/lib/python3.10/site-packages:${PYTHONPATH} /usr/bin/python3 -W ignore:setup.py install is deprecated setup.py egg_info --egg-base ../../build/path_following build --build-base /home/ashwin/10x_task_ws/build/path_following/build install --record /home/ashwin/10x_task_ws/build/path_following/install.log --single-version-externally-managed install_data
[0.785s] running egg_info
[0.785s] writing ../../build/path_following/path_following.egg-info/PKG-INFO
[0.785s] writing dependency_links to ../../build/path_following/path_following.egg-info/dependency_links.txt
[0.785s] writing entry points to ../../build/path_following/path_following.egg-info/entry_points.txt
[0.785s] writing requirements to ../../build/path_following/path_following.egg-info/requires.txt
[0.785s] writing top-level names to ../../build/path_following/path_following.egg-info/top_level.txt
[0.787s] reading manifest file '../../build/path_following/path_following.egg-info/SOURCES.txt'
[0.787s] writing manifest file '../../build/path_following/path_following.egg-info/SOURCES.txt'
[0.787s] running build
[0.787s] running build_py
[0.788s] copying path_following/follower_node.py -> /home/ashwin/10x_task_ws/build/path_following/build/lib/path_following
[0.788s] running install
[0.788s] running install_lib
[0.789s] copying /home/ashwin/10x_task_ws/build/path_following/build/lib/path_following/follower_node.py -> /home/ashwin/10x_task_ws/install/path_following/lib/python3.10/site-packages/path_following
[0.789s] byte-compiling /home/ashwin/10x_task_ws/install/path_following/lib/python3.10/site-packages/path_following/follower_node.py to follower_node.cpython-310.pyc
[0.790s] running install_data
[0.790s] running install_egg_info
[0.791s] removing '/home/ashwin/10x_task_ws/install/path_following/lib/python3.10/site-packages/path_following-0.0.0-py3.10.egg-info' (and everything under it)
[0.791s] Copying ../../build/path_following/path_following.egg-info to /home/ashwin/10x_task_ws/install/path_following/lib/python3.10/site-packages/path_following-0.0.0-py3.10.egg-info
[0.792s] running install_scripts
[0.807s] Installing follower_node script to /home/ashwin/10x_task_ws/install/path_following/lib/path_following
[0.808s] Installing path_smoother script to /home/ashwin/10x_task_ws/install/path_following/lib/path_following
[0.808s] Installing trajectory_generator script to /home/ashwin/10x_task_ws/install/path_following/lib/path_following
[0.808s] writing list of installed files to '/home/ashwin/10x_task_ws/build/path_following/install.log'
[0.826s] Invoked command in '/home/ashwin/10x_task_ws/src/path_following' returned '0': PYTHONPATH=/home/ashwin/10x_task_ws/build/path_following/prefix_override:/usr/lib/python3/dist-packages/colcon_core/task/python/colcon_distutils_commands:/home/ashwin/10x_task_ws/install/path_following/lib/python3.10/site-packages:${PYTHONPATH} /usr/bin/python3 -W ignore:setup.py install is deprecated setup.py egg_info --egg-base ../../build/path_following build --build-base /home/ashwin/10x_task_ws/build/path_following/build install --record /home/ashwin/10x_task_ws/build/path_following/install.log --single-version-externally-managed install_data
