[0.532s] Invoking command in '/home/ashwin/10x_task_ws/src/path_following': PYTHONPATH=/home/ashwin/10x_task_ws/build/path_following/prefix_override:/usr/lib/python3/dist-packages/colcon_core/task/python/colcon_distutils_commands:/home/ashwin/10x_task_ws/install/path_following/lib/python3.10/site-packages:${PYTHONPATH} /usr/bin/python3 -W ignore:setup.py install is deprecated setup.py egg_info --egg-base ../../build/path_following build --build-base /home/ashwin/10x_task_ws/build/path_following/build install --record /home/ashwin/10x_task_ws/build/path_following/install.log --single-version-externally-managed install_data
[0.737s] running egg_info
[0.737s] writing ../../build/path_following/path_following.egg-info/PKG-INFO
[0.737s] writing dependency_links to ../../build/path_following/path_following.egg-info/dependency_links.txt
[0.737s] writing entry points to ../../build/path_following/path_following.egg-info/entry_points.txt
[0.737s] writing requirements to ../../build/path_following/path_following.egg-info/requires.txt
[0.737s] writing top-level names to ../../build/path_following/path_following.egg-info/top_level.txt
[0.739s] reading manifest file '../../build/path_following/path_following.egg-info/SOURCES.txt'
[0.739s] writing manifest file '../../build/path_following/path_following.egg-info/SOURCES.txt'
[0.739s] running build
[0.740s] running build_py
[0.740s] running install
[0.740s] running install_lib
[0.741s] running install_data
[0.741s] copying launch/run_navigation.launch.py -> /home/ashwin/10x_task_ws/install/path_following/share/path_following/launch
[0.741s] running install_egg_info
[0.742s] removing '/home/ashwin/10x_task_ws/install/path_following/lib/python3.10/site-packages/path_following-0.0.0-py3.10.egg-info' (and everything under it)
[0.743s] Copying ../../build/path_following/path_following.egg-info to /home/ashwin/10x_task_ws/install/path_following/lib/python3.10/site-packages/path_following-0.0.0-py3.10.egg-info
[0.744s] running install_scripts
[0.758s] Installing follower_node script to /home/ashwin/10x_task_ws/install/path_following/lib/path_following
[0.758s] Installing path_smoother script to /home/ashwin/10x_task_ws/install/path_following/lib/path_following
[0.758s] Installing trajectory_generator script to /home/ashwin/10x_task_ws/install/path_following/lib/path_following
[0.759s] writing list of installed files to '/home/ashwin/10x_task_ws/build/path_following/install.log'
[0.775s] Invoked command in '/home/ashwin/10x_task_ws/src/path_following' returned '0': PYTHONPATH=/home/ashwin/10x_task_ws/build/path_following/prefix_override:/usr/lib/python3/dist-packages/colcon_core/task/python/colcon_distutils_commands:/home/ashwin/10x_task_ws/install/path_following/lib/python3.10/site-packages:${PYTHONPATH} /usr/bin/python3 -W ignore:setup.py install is deprecated setup.py egg_info --egg-base ../../build/path_following build --build-base /home/ashwin/10x_task_ws/build/path_following/build install --record /home/ashwin/10x_task_ws/build/path_following/install.log --single-version-externally-managed install_data
