[0.607s] Invoking command in '/home/ashwin/10x_task_ws/src/path_following': PYTHONPATH=/home/ashwin/10x_task_ws/build/path_following/prefix_override:/usr/lib/python3/dist-packages/colcon_core/task/python/colcon_distutils_commands:/home/ashwin/10x_task_ws/install/path_following/lib/python3.10/site-packages:${PYTHONPATH} /usr/bin/python3 -W ignore:setup.py install is deprecated setup.py egg_info --egg-base ../../build/path_following build --build-base /home/ashwin/10x_task_ws/build/path_following/build install --record /home/ashwin/10x_task_ws/build/path_following/install.log --single-version-externally-managed install_data
[0.846s] running egg_info
[0.846s] writing ../../build/path_following/path_following.egg-info/PKG-INFO
[0.847s] writing dependency_links to ../../build/path_following/path_following.egg-info/dependency_links.txt
[0.847s] writing entry points to ../../build/path_following/path_following.egg-info/entry_points.txt
[0.847s] writing requirements to ../../build/path_following/path_following.egg-info/requires.txt
[0.847s] writing top-level names to ../../build/path_following/path_following.egg-info/top_level.txt
[0.848s] reading manifest file '../../build/path_following/path_following.egg-info/SOURCES.txt'
[0.849s] writing manifest file '../../build/path_following/path_following.egg-info/SOURCES.txt'
[0.849s] running build
[0.849s] running build_py
[0.850s] running install
[0.850s] running install_lib
[0.851s] running install_data
[0.851s] running install_egg_info
[0.853s] removing '/home/ashwin/10x_task_ws/install/path_following/lib/python3.10/site-packages/path_following-0.0.0-py3.10.egg-info' (and everything under it)
[0.853s] Copying ../../build/path_following/path_following.egg-info to /home/ashwin/10x_task_ws/install/path_following/lib/python3.10/site-packages/path_following-0.0.0-py3.10.egg-info
[0.854s] running install_scripts
[0.874s] Installing follower_node script to /home/ashwin/10x_task_ws/install/path_following/lib/path_following
[0.874s] Installing path_smoother script to /home/ashwin/10x_task_ws/install/path_following/lib/path_following
[0.874s] Installing trajectory_generator script to /home/ashwin/10x_task_ws/install/path_following/lib/path_following
[0.874s] writing list of installed files to '/home/ashwin/10x_task_ws/build/path_following/install.log'
[0.898s] Invoked command in '/home/ashwin/10x_task_ws/src/path_following' returned '0': PYTHONPATH=/home/ashwin/10x_task_ws/build/path_following/prefix_override:/usr/lib/python3/dist-packages/colcon_core/task/python/colcon_distutils_commands:/home/ashwin/10x_task_ws/install/path_following/lib/python3.10/site-packages:${PYTHONPATH} /usr/bin/python3 -W ignore:setup.py install is deprecated setup.py egg_info --egg-base ../../build/path_following build --build-base /home/ashwin/10x_task_ws/build/path_following/build install --record /home/ashwin/10x_task_ws/build/path_following/install.log --single-version-externally-managed install_data
