/home/ashwin/10x_task_ws/install/path_following/lib/python3.10/site-packages/path_following/path_smoother_node.py
/home/ashwin/10x_task_ws/install/path_following/lib/python3.10/site-packages/path_following/__init__.py
/home/ashwin/10x_task_ws/install/path_following/lib/python3.10/site-packages/path_following/follower_node.py
/home/ashwin/10x_task_ws/install/path_following/lib/python3.10/site-packages/path_following/trajectory_generator_node.py
/home/ashwin/10x_task_ws/install/path_following/lib/python3.10/site-packages/path_following/__pycache__/path_smoother_node.cpython-310.pyc
/home/ashwin/10x_task_ws/install/path_following/lib/python3.10/site-packages/path_following/__pycache__/__init__.cpython-310.pyc
/home/ashwin/10x_task_ws/install/path_following/lib/python3.10/site-packages/path_following/__pycache__/follower_node.cpython-310.pyc
/home/ashwin/10x_task_ws/install/path_following/lib/python3.10/site-packages/path_following/__pycache__/trajectory_generator_node.cpython-310.pyc
/home/ashwin/10x_task_ws/install/path_following/share/ament_index/resource_index/packages/path_following
/home/ashwin/10x_task_ws/install/path_following/share/path_following/package.xml
/home/ashwin/10x_task_ws/install/path_following/share/path_following/launch/run_navigation.launch.py
/home/ashwin/10x_task_ws/install/path_following/share/path_following/config/nav_config.rviz
/home/ashwin/10x_task_ws/install/path_following/lib/python3.10/site-packages/path_following-0.0.0-py3.10.egg-info/top_level.txt
/home/ashwin/10x_task_ws/install/path_following/lib/python3.10/site-packages/path_following-0.0.0-py3.10.egg-info/SOURCES.txt
/home/ashwin/10x_task_ws/install/path_following/lib/python3.10/site-packages/path_following-0.0.0-py3.10.egg-info/requires.txt
/home/ashwin/10x_task_ws/install/path_following/lib/python3.10/site-packages/path_following-0.0.0-py3.10.egg-info/PKG-INFO
/home/ashwin/10x_task_ws/install/path_following/lib/python3.10/site-packages/path_following-0.0.0-py3.10.egg-info/dependency_links.txt
/home/ashwin/10x_task_ws/install/path_following/lib/python3.10/site-packages/path_following-0.0.0-py3.10.egg-info/zip-safe
/home/ashwin/10x_task_ws/install/path_following/lib/python3.10/site-packages/path_following-0.0.0-py3.10.egg-info/entry_points.txt
/home/ashwin/10x_task_ws/install/path_following/lib/path_following/follower_node
/home/ashwin/10x_task_ws/install/path_following/lib/path_following/path_smoother
/home/ashwin/10x_task_ws/install/path_following/lib/path_following/trajectory_generator
