running egg_info
writing ../../build/path_following/path_following.egg-info/PKG-INFO
writing dependency_links to ../../build/path_following/path_following.egg-info/dependency_links.txt
writing entry points to ../../build/path_following/path_following.egg-info/entry_points.txt
writing requirements to ../../build/path_following/path_following.egg-info/requires.txt
writing top-level names to ../../build/path_following/path_following.egg-info/top_level.txt
reading manifest file '../../build/path_following/path_following.egg-info/SOURCES.txt'
writing manifest file '../../build/path_following/path_following.egg-info/SOURCES.txt'
running build
running build_py
copying path_following/path_smoother_node.py -> /home/ashwin/10x_task_ws/build/path_following/build/lib/path_following
copying path_following/follower_node.py -> /home/ashwin/10x_task_ws/build/path_following/build/lib/path_following
running install
running install_lib
copying /home/ashwin/10x_task_ws/build/path_following/build/lib/path_following/path_smoother_node.py -> /home/ashwin/10x_task_ws/install/path_following/lib/python3.10/site-packages/path_following
copying /home/ashwin/10x_task_ws/build/path_following/build/lib/path_following/follower_node.py -> /home/ashwin/10x_task_ws/install/path_following/lib/python3.10/site-packages/path_following
byte-compiling /home/ashwin/10x_task_ws/install/path_following/lib/python3.10/site-packages/path_following/path_smoother_node.py to path_smoother_node.cpython-310.pyc
byte-compiling /home/ashwin/10x_task_ws/install/path_following/lib/python3.10/site-packages/path_following/follower_node.py to follower_node.cpython-310.pyc
running install_data
running install_egg_info
removing '/home/ashwin/10x_task_ws/install/path_following/lib/python3.10/site-packages/path_following-0.0.0-py3.10.egg-info' (and everything under it)
Copying ../../build/path_following/path_following.egg-info to /home/ashwin/10x_task_ws/install/path_following/lib/python3.10/site-packages/path_following-0.0.0-py3.10.egg-info
running install_scripts
Installing follower_node script to /home/ashwin/10x_task_ws/install/path_following/lib/path_following
Installing path_smoother script to /home/ashwin/10x_task_ws/install/path_following/lib/path_following
Installing trajectory_generator script to /home/ashwin/10x_task_ws/install/path_following/lib/path_following
writing list of installed files to '/home/ashwin/10x_task_ws/build/path_following/install.log'
